<?xml version="1.0" encoding="UTF-8"?>
<testsuite name="com.study.study.StudyApplicationTests" tests="1" skipped="0" failures="0" errors="0" timestamp="2022-11-21T09:20:01" hostname="DESKTOP-IMHL3QG" time="0.439">
  <properties/>
  <testcase name="stream()" classname="com.study.study.StudyApplicationTests" time="0.439"/>
  <system-out><![CDATA[18:19:53.751 [Test worker] DEBUG org.springframework.test.context.BootstrapUtils - Instantiating CacheAwareContextLoaderDelegate from class [org.springframework.test.context.cache.DefaultCacheAwareContextLoaderDelegate]
18:19:53.771 [Test worker] DEBUG org.springframework.test.context.BootstrapUtils - Instantiating BootstrapContext using constructor [public org.springframework.test.context.support.DefaultBootstrapContext(java.lang.Class,org.springframework.test.context.CacheAwareContextLoaderDelegate)]
18:19:53.819 [Test worker] DEBUG org.springframework.test.context.BootstrapUtils - Instantiating TestContextBootstrapper for test class [com.study.study.StudyApplicationTests] from class [org.springframework.boot.test.context.SpringBootTestContextBootstrapper]
18:19:53.837 [Test worker] INFO org.springframework.boot.test.context.SpringBootTestContextBootstrapper - Neither @ContextConfiguration nor @ContextHierarchy found for test class [com.study.study.StudyApplicationTests], using SpringBootContextLoader
18:19:53.843 [Test worker] DEBUG org.springframework.test.context.support.AbstractContextLoader - Did not detect default resource location for test class [com.study.study.StudyApplicationTests]: class path resource [com/study/study/StudyApplicationTests-context.xml] does not exist
18:19:53.844 [Test worker] DEBUG org.springframework.test.context.support.AbstractContextLoader - Did not detect default resource location for test class [com.study.study.StudyApplicationTests]: class path resource [com/study/study/StudyApplicationTestsContext.groovy] does not exist
18:19:53.844 [Test worker] INFO org.springframework.test.context.support.AbstractContextLoader - Could not detect default resource locations for test class [com.study.study.StudyApplicationTests]: no resource found for suffixes {-context.xml, Context.groovy}.
18:19:53.845 [Test worker] INFO org.springframework.test.context.support.AnnotationConfigContextLoaderUtils - Could not detect default configuration classes for test class [com.study.study.StudyApplicationTests]: StudyApplicationTests does not declare any static, non-private, non-final, nested classes annotated with @Configuration.
18:19:53.977 [Test worker] DEBUG org.springframework.test.context.support.ActiveProfilesUtils - Could not find an 'annotation declaring class' for annotation type [org.springframework.test.context.ActiveProfiles] and class [com.study.study.StudyApplicationTests]
18:19:54.201 [Test worker] DEBUG org.springframework.context.annotation.ClassPathScanningCandidateComponentProvider - Identified candidate component class: file [C:\IntellijProject\study\build\classes\java\main\com\study\study\StudyApplication.class]
18:19:54.205 [Test worker] INFO org.springframework.boot.test.context.SpringBootTestContextBootstrapper - Found @SpringBootConfiguration com.study.study.StudyApplication for test class com.study.study.StudyApplicationTests
18:19:54.456 [Test worker] DEBUG org.springframework.boot.test.context.SpringBootTestContextBootstrapper - @TestExecutionListeners is not present for class [com.study.study.StudyApplicationTests]: using defaults.
18:19:54.458 [Test worker] INFO org.springframework.boot.test.context.SpringBootTestContextBootstrapper - Loaded default TestExecutionListener class names from location [META-INF/spring.factories]: [org.springframework.boot.test.autoconfigure.restdocs.RestDocsTestExecutionListener, org.springframework.boot.test.autoconfigure.web.client.MockRestServiceServerResetTestExecutionListener, org.springframework.boot.test.autoconfigure.web.servlet.MockMvcPrintOnlyOnFailureTestExecutionListener, org.springframework.boot.test.autoconfigure.web.servlet.WebDriverTestExecutionListener, org.springframework.boot.test.autoconfigure.webservices.client.MockWebServiceServerTestExecutionListener, org.springframework.boot.test.mock.mockito.MockitoTestExecutionListener, org.springframework.boot.test.mock.mockito.ResetMocksTestExecutionListener, org.springframework.test.context.web.ServletTestExecutionListener, org.springframework.test.context.support.DirtiesContextBeforeModesTestExecutionListener, org.springframework.test.context.event.ApplicationEventsTestExecutionListener, org.springframework.test.context.support.DependencyInjectionTestExecutionListener, org.springframework.test.context.support.DirtiesContextTestExecutionListener, org.springframework.test.context.transaction.TransactionalTestExecutionListener, org.springframework.test.context.jdbc.SqlScriptsTestExecutionListener, org.springframework.test.context.event.EventPublishingTestExecutionListener]
18:19:54.533 [Test worker] INFO org.springframework.boot.test.context.SpringBootTestContextBootstrapper - Using TestExecutionListeners: [org.springframework.test.context.web.ServletTestExecutionListener@6d1310f6, org.springframework.test.context.support.DirtiesContextBeforeModesTestExecutionListener@3228d990, org.springframework.test.context.event.ApplicationEventsTestExecutionListener@54e7391d, org.springframework.boot.test.mock.mockito.MockitoTestExecutionListener@50b8ae8d, org.springframework.boot.test.autoconfigure.SpringBootDependencyInjectionTestExecutionListener@255990cc, org.springframework.test.context.support.DirtiesContextTestExecutionListener@51c929ae, org.springframework.test.context.transaction.TransactionalTestExecutionListener@3c8bdd5b, org.springframework.test.context.jdbc.SqlScriptsTestExecutionListener@29d2d081, org.springframework.test.context.event.EventPublishingTestExecutionListener@40e4ea87, org.springframework.boot.test.autoconfigure.restdocs.RestDocsTestExecutionListener@58783f6c, org.springframework.boot.test.autoconfigure.web.client.MockRestServiceServerResetTestExecutionListener@3a7b503d, org.springframework.boot.test.autoconfigure.web.servlet.MockMvcPrintOnlyOnFailureTestExecutionListener@512d92b, org.springframework.boot.test.autoconfigure.web.servlet.WebDriverTestExecutionListener@62c5bbdc, org.springframework.boot.test.autoconfigure.webservices.client.MockWebServiceServerTestExecutionListener@7bdf6bb7, org.springframework.boot.test.mock.mockito.ResetMocksTestExecutionListener@1bc53649]
18:19:54.560 [Test worker] DEBUG org.springframework.test.context.support.AbstractDirtiesContextTestExecutionListener - Before test class: context [DefaultTestContext@6f0628de testClass = StudyApplicationTests, testInstance = [null], testMethod = [null], testException = [null], mergedContextConfiguration = [WebMergedContextConfiguration@3fabf088 testClass = StudyApplicationTests, locations = '{}', classes = '{class com.study.study.StudyApplication}', contextInitializerClasses = '[]', activeProfiles = '{}', propertySourceLocations = '{}', propertySourceProperties = '{org.springframework.boot.test.context.SpringBootTestContextBootstrapper=true}', contextCustomizers = set[org.springframework.boot.test.autoconfigure.actuate.metrics.MetricsExportContextCustomizerFactory$DisableMetricExportContextCustomizer@5c8eee0f, org.springframework.boot.test.autoconfigure.properties.PropertyMappingContextCustomizer@0, org.springframework.boot.test.autoconfigure.web.servlet.WebDriverContextCustomizerFactory$Customizer@67ab1c47, org.springframework.boot.test.context.filter.ExcludeFilterContextCustomizer@5b444398, org.springframework.boot.test.json.DuplicateJsonObjectContextCustomizerFactory$DuplicateJsonObjectContextCustomizer@79145d5a, org.springframework.boot.test.mock.mockito.MockitoContextCustomizer@0, org.springframework.boot.test.web.client.TestRestTemplateContextCustomizer@22b53226, org.springframework.boot.test.context.SpringBootTestArgs@1, org.springframework.boot.test.context.SpringBootTestWebEnvironment@1ec9bd38], resourceBasePath = 'src/main/webapp', contextLoader = 'org.springframework.boot.test.context.SpringBootContextLoader', parent = [null]], attributes = map['org.springframework.test.context.web.ServletTestExecutionListener.activateListener' -> true]], class annotated with @DirtiesContext [false] with mode [null].

  .   ____          _            __ _ _
 /\\ / ___'_ __ _ _(_)_ __  __ _ \ \ \ \
( ( )\___ | '_ | '_| | '_ \/ _` | \ \ \ \
 \\/  ___)| |_)| | | | | || (_| |  ) ) ) )
  '  |____| .__|_| |_|_| |_\__, | / / / /
 =========|_|==============|___/=/_/_/_/
 :: Spring Boot ::                (v2.7.5)

2022-11-21 18:19:55.641  INFO 7824 --- [    Test worker] com.study.study.StudyApplicationTests    : Starting StudyApplicationTests using Java 11.0.7 on DESKTOP-IMHL3QG with PID 7824 (started by tlrruddbs in C:\IntellijProject\study)
2022-11-21 18:19:55.644  INFO 7824 --- [    Test worker] com.study.study.StudyApplicationTests    : No active profile set, falling back to 1 default profile: "default"
2022-11-21 18:19:57.028  INFO 7824 --- [    Test worker] .s.d.r.c.RepositoryConfigurationDelegate : Bootstrapping Spring Data JPA repositories in DEFAULT mode.
2022-11-21 18:19:57.059  INFO 7824 --- [    Test worker] .s.d.r.c.RepositoryConfigurationDelegate : Finished Spring Data repository scanning in 11 ms. Found 0 JPA repository interfaces.
2022-11-21 18:19:57.900  INFO 7824 --- [    Test worker] com.zaxxer.hikari.HikariDataSource       : HikariPool-1 - Starting...
2022-11-21 18:19:58.287  INFO 7824 --- [    Test worker] com.zaxxer.hikari.HikariDataSource       : HikariPool-1 - Start completed.
2022-11-21 18:19:58.417  INFO 7824 --- [    Test worker] o.hibernate.jpa.internal.util.LogHelper  : HHH000204: Processing PersistenceUnitInfo [name: default]
2022-11-21 18:19:58.551  INFO 7824 --- [    Test worker] org.hibernate.Version                    : HHH000412: Hibernate ORM core version 5.6.12.Final
2022-11-21 18:19:58.849  INFO 7824 --- [    Test worker] o.hibernate.annotations.common.Version   : HCANN000001: Hibernate Commons Annotations {5.1.2.Final}
2022-11-21 18:19:59.122  INFO 7824 --- [    Test worker] org.hibernate.dialect.Dialect            : HHH000400: Using dialect: org.hibernate.dialect.H2Dialect
2022-11-21 18:19:59.463  INFO 7824 --- [    Test worker] o.h.e.t.j.p.i.JtaPlatformInitiator       : HHH000490: Using JtaPlatform implementation: [org.hibernate.engine.transaction.jta.platform.internal.NoJtaPlatform]
2022-11-21 18:19:59.477  INFO 7824 --- [    Test worker] j.LocalContainerEntityManagerFactoryBean : Initialized JPA EntityManagerFactory for persistence unit 'default'
2022-11-21 18:19:59.864  WARN 7824 --- [    Test worker] JpaBaseConfiguration$JpaWebConfiguration : spring.jpa.open-in-view is enabled by default. Therefore, database queries may be performed during view rendering. Explicitly configure spring.jpa.open-in-view to disable this warning
2022-11-21 18:20:01.062  INFO 7824 --- [    Test worker] com.study.study.StudyApplicationTests    : Started StudyApplicationTests in 6.206 seconds (JVM running for 9.35)
apple
banana
aaaaaa
]]></system-out>
  <system-err><![CDATA[]]></system-err>
</testsuite>
